{
    "received_data": null,
    "server": {
        "MIBDIRS": "D:\/xampp\/php\/extras\/mibs",
        "MYSQL_HOME": "\\xampp\\mysql\\bin",
        "OPENSSL_CONF": "D:\/xampp\/apache\/bin\/openssl.cnf",
        "PHP_PEAR_SYSCONF_DIR": "\\xampp\\php",
        "PHPRC": "\\xampp\\php",
        "TMP": "\\xampp\\tmp",
        "HTTP_HOST": "127.0.0.1",
        "HTTP_CONNECTION": "keep-alive",
        "HTTP_CACHE_CONTROL": "max-age=0",
        "HTTP_SEC_CH_UA": "\"Google Chrome\";v=\"131\", \"Chromium\";v=\"131\", \"Not_A Brand\";v=\"24\"",
        "HTTP_SEC_CH_UA_MOBILE": "?0",
        "HTTP_SEC_CH_UA_PLATFORM": "\"Windows\"",
        "HTTP_UPGRADE_INSECURE_REQUESTS": "1",
        "HTTP_USER_AGENT": "Mozilla\/5.0 (Windows NT 10.0; Win64; x64) AppleWebKit\/537.36 (KHTML, like Gecko) Chrome\/131.0.0.0 Safari\/537.36",
        "HTTP_ACCEPT": "text\/html,application\/xhtml+xml,application\/xml;q=0.9,image\/avif,image\/webp,image\/apng,*\/*;q=0.8,application\/signed-exchange;v=b3;q=0.7",
        "HTTP_SEC_FETCH_SITE": "none",
        "HTTP_SEC_FETCH_MODE": "navigate",
        "HTTP_SEC_FETCH_USER": "?1",
        "HTTP_SEC_FETCH_DEST": "document",
        "HTTP_ACCEPT_ENCODING": "gzip, deflate, br, zstd",
        "HTTP_ACCEPT_LANGUAGE": "th-TH,th;q=0.9",
        "HTTP_COOKIE": "PHPSESSID=eef17gc7vtn6k8hq0kgd1hpkc1",
        "PATH": "C:\\Program Files\\Eclipse Adoptium\\jdk-21.0.2.13-hotspot\\bin;C:\\WINDOWS\\system32;C:\\WINDOWS;C:\\WINDOWS\\System32\\Wbem;C:\\WINDOWS\\System32\\WindowsPowerShell\\v1.0\\;C:\\WINDOWS\\System32\\OpenSSH\\;C:\\Program Files (x86)\\NVIDIA Corporation\\PhysX\\Common;C:\\Program Files\\NVIDIA Corporation\\NVIDIA NvDLISR;C:\\Program Files\\nodejs\\;C:\\Users\\sky55\\AppData\\Roaming\\Composer\\vendor\\bin;C:\\Program Files\\7-Zip\\;C:\\ProgramData\\ComposerSetup\\bin;C:\\php;C:\\xampp\\php;C:\\xampp\\mysql;C:\\xampp\\mysql\\bin;C:\\Program Files\\Git\\cmd;C:\\Program Files\\dotnet\\;C:\\Users\\sky55\\AppData\\Local\\Microsoft\\WindowsApps;C:\\Users\\sky55\\AppData\\Local\\Programs\\Microsoft VS Code\\bin;C:\\flutter\\flutter\\dev;C:\\flutter\\flutter\\bin;C:\\Users\\sky55\\AppData\\Roaming\\npm;C:\\Users\\sky55\\AppData\\Roaming\\Composer\\vendor\\bin;C:\\Users\\sky55\\AppData\\Local\\GitHubDesktop\\bin",
        "SystemRoot": "C:\\WINDOWS",
        "COMSPEC": "C:\\WINDOWS\\system32\\cmd.exe",
        "PATHEXT": ".COM;.EXE;.BAT;.CMD;.VBS;.VBE;.JS;.JSE;.WSF;.WSH;.MSC",
        "WINDIR": "C:\\WINDOWS",
        "SERVER_SIGNATURE": "<address>Apache\/2.4.58 (Win64) OpenSSL\/3.1.3 PHP\/8.2.12 Server at 127.0.0.1 Port 80<\/address>\n",
        "SERVER_SOFTWARE": "Apache\/2.4.58 (Win64) OpenSSL\/3.1.3 PHP\/8.2.12",
        "SERVER_NAME": "127.0.0.1",
        "SERVER_ADDR": "127.0.0.1",
        "SERVER_PORT": "80",
        "REMOTE_ADDR": "127.0.0.1",
        "DOCUMENT_ROOT": "D:\/xampp\/htdocs",
        "REQUEST_SCHEME": "http",
        "CONTEXT_PREFIX": "",
        "CONTEXT_DOCUMENT_ROOT": "D:\/xampp\/htdocs",
        "SERVER_ADMIN": "postmaster@localhost",
        "SCRIPT_FILENAME": "D:\/xampp\/htdocs\/myWeb\/page\/member_page\/update_quantity.php",
        "REMOTE_PORT": "51621",
        "GATEWAY_INTERFACE": "CGI\/1.1",
        "SERVER_PROTOCOL": "HTTP\/1.1",
        "REQUEST_METHOD": "GET",
        "QUERY_STRING": "",
        "REQUEST_URI": "\/myWeb\/page\/member_page\/update_quantity.php",
        "SCRIPT_NAME": "\/myWeb\/page\/member_page\/update_quantity.php",
        "PHP_SELF": "\/myWeb\/page\/member_page\/update_quantity.php",
        "REQUEST_TIME_FLOAT": 1737171407.324006,
        "REQUEST_TIME": 1737171407
    }
}